2018-11-01 20:53:30.058 [main] INFO  c.e.netschool.NetschoolApplication -Starting NetschoolApplication on luog-PC with PID 8196 (D:\schoolspace\netschool-parent\netschool\target\classes started by maojf in D:\schoolspace\netschool-parent\netschool)
2018-11-01 20:53:30.083 [main] INFO  c.e.netschool.NetschoolApplication -No active profile set, falling back to default profiles: default
2018-11-01 20:53:30.147 [main] INFO  o.s.b.w.s.c.AnnotationConfigServletWebServerApplicationContext -Refreshing org.springframework.boot.web.servlet.context.AnnotationConfigServletWebServerApplicationContext@1f6620a: startup date [Thu Nov 01 20:53:30 CST 2018]; root of context hierarchy
2018-11-01 20:53:32.439 [main] INFO  o.s.b.w.e.tomcat.TomcatWebServer -Tomcat initialized with port(s): 8080 (https)
2018-11-01 20:53:32.497 [main] INFO  o.a.catalina.core.StandardService -Starting service [Tomcat]
2018-11-01 20:53:32.497 [main] INFO  o.a.catalina.core.StandardEngine -Starting Servlet Engine: Apache Tomcat/8.5.34
2018-11-01 20:53:32.514 [localhost-startStop-1] INFO  o.a.c.core.AprLifecycleListener -The APR based Apache Tomcat Native library which allows optimal performance in production environments was not found on the java.library.path: [D:\esendev\jdk1.8\bin;C:\Windows\Sun\Java\bin;C:\Windows\system32;C:\Windows;D:\esendev\jdk1.8\jre\bin;E:/dev/eclipse/jre/bin/server;E:/dev/eclipse/jre/bin;E:/dev/eclipse/jre/lib/amd64;D:\esendev\jdk1.6\bin;C:\oracle\product\11.2.0\dbhome_1\bin;C:\Program Files (x86)\Intel\iCLS Client\;C:\Program Files\Intel\iCLS Client\;C:\Windows\system32;C:\Windows;C:\Windows\System32\Wbem;C:\Windows\System32\WindowsPowerShell\v1.0\;C:\Program Files\Intel\Intel(R) Management Engine Components\DAL;C:\Program Files (x86)\Intel\Intel(R) Management Engine Components\DAL;C:\Program Files\Intel\Intel(R) Management Engine Components\IPT;C:\Program Files (x86)\Intel\Intel(R) Management Engine Components\IPT;C:\Program Files (x86)\ATI Technologies\ATI.ACE\Core-Static;C:\Program Files\Intel\WiFi\bin\;C:\Program Files\Common Files\Intel\WirelessCommon\;C:\EditPlus;C:\Users\maojf\Desktop\gzip-1.4;C:\Program Files\TortoiseSVN\bin;E:\nodeJs\;D:\Git\cmd;D:\esendev\mysql-5.6.10-winx64\bin;C:\Users\maojf\AppData\Local\Programs\Fiddler;E:\nodeJs\node_globalE:\Microsoft VS Code Insiders\bin;E:\Microsoft VS Code Insiders\bin;E:\dev\eclipse;;.]
2018-11-01 20:53:32.703 [localhost-startStop-1] INFO  o.a.c.c.C.[.[localhost].[/netschool] -Initializing Spring embedded WebApplicationContext
2018-11-01 20:53:32.703 [localhost-startStop-1] INFO  o.s.web.context.ContextLoader -Root WebApplicationContext: initialization completed in 2556 ms
2018-11-01 20:53:32.792 [localhost-startStop-1] INFO  o.s.b.w.s.ServletRegistrationBean -Servlet dispatcherServlet mapped to [/]
2018-11-01 20:53:32.797 [localhost-startStop-1] INFO  o.s.b.w.s.FilterRegistrationBean -Mapping filter: 'characterEncodingFilter' to: [/*]
2018-11-01 20:53:32.798 [localhost-startStop-1] INFO  o.s.b.w.s.FilterRegistrationBean -Mapping filter: 'hiddenHttpMethodFilter' to: [/*]
2018-11-01 20:53:32.799 [localhost-startStop-1] INFO  o.s.b.w.s.FilterRegistrationBean -Mapping filter: 'httpPutFormContentFilter' to: [/*]
2018-11-01 20:53:32.799 [localhost-startStop-1] INFO  o.s.b.w.s.FilterRegistrationBean -Mapping filter: 'requestContextFilter' to: [/*]
2018-11-01 20:53:32.994 [main] INFO  o.s.w.s.h.SimpleUrlHandlerMapping -Mapped URL path [/**/favicon.ico] onto handler of type [class org.springframework.web.servlet.resource.ResourceHttpRequestHandler]
2018-11-01 20:53:33.313 [main] INFO  o.s.w.s.m.m.a.RequestMappingHandlerAdapter -Looking for @ControllerAdvice: org.springframework.boot.web.servlet.context.AnnotationConfigServletWebServerApplicationContext@1f6620a: startup date [Thu Nov 01 20:53:30 CST 2018]; root of context hierarchy
2018-11-01 20:53:33.440 [main] INFO  o.s.w.s.m.m.a.RequestMappingHandlerMapping -Mapped "{[/eweb/error/error]}" onto public org.springframework.http.ResponseEntity<java.util.Map<java.lang.String, java.lang.Object>> org.springframework.boot.autoconfigure.web.servlet.error.BasicErrorController.error(javax.servlet.http.HttpServletRequest)
2018-11-01 20:53:33.442 [main] INFO  o.s.w.s.m.m.a.RequestMappingHandlerMapping -Mapped "{[/eweb/error/error],produces=[text/html]}" onto public org.springframework.web.servlet.ModelAndView org.springframework.boot.autoconfigure.web.servlet.error.BasicErrorController.errorHtml(javax.servlet.http.HttpServletRequest,javax.servlet.http.HttpServletResponse)
2018-11-01 20:53:33.490 [main] INFO  o.s.w.s.h.SimpleUrlHandlerMapping -Mapped URL path [/webjars/**] onto handler of type [class org.springframework.web.servlet.resource.ResourceHttpRequestHandler]
2018-11-01 20:53:33.491 [main] INFO  o.s.w.s.h.SimpleUrlHandlerMapping -Mapped URL path [/**] onto handler of type [class org.springframework.web.servlet.resource.ResourceHttpRequestHandler]
2018-11-01 20:53:33.633 [main] INFO  o.s.b.a.w.s.WelcomePageHandlerMapping -Adding welcome page: ServletContext resource [/index.html]
2018-11-01 20:53:33.916 [main] INFO  o.s.j.d.e.EmbeddedDatabaseFactory -Starting embedded database: url='jdbc:h2:mem:testdb;DB_CLOSE_DELAY=-1;DB_CLOSE_ON_EXIT=false', username='sa'
2018-11-01 20:53:34.248 [main] INFO  o.s.u.f.SpringTemplateLoader -SpringTemplateLoader for FreeMarker: using resource loader [org.springframework.boot.web.servlet.context.AnnotationConfigServletWebServerApplicationContext@1f6620a: startup date [Thu Nov 01 20:53:30 CST 2018]; root of context hierarchy] and template loader path [classpath:/templates/]
2018-11-01 20:53:34.251 [main] INFO  o.s.w.s.v.f.FreeMarkerConfigurer -ClassTemplateLoader for Spring macros added to FreeMarker configuration
2018-11-01 20:53:34.278 [main] WARN  o.s.b.a.f.FreeMarkerAutoConfiguration -Cannot find template location(s): [classpath:/templates/] (please add some templates, check your FreeMarker configuration, or set spring.freemarker.checkTemplateLocation=false)
2018-11-01 20:53:34.524 [main] INFO  o.s.j.e.a.AnnotationMBeanExporter -Registering beans for JMX exposure on startup
2018-11-01 20:53:36.031 [main] INFO  o.s.b.w.e.tomcat.TomcatWebServer -Tomcat started on port(s): 8080 (https) with context path '/netschool'
2018-11-01 20:53:36.035 [main] INFO  c.e.netschool.NetschoolApplication -Started NetschoolApplication in 6.441 seconds (JVM running for 7.358)
2018-11-01 20:53:53.969 [https-jsse-nio-8080-exec-6] INFO  o.a.c.c.C.[.[localhost].[/netschool] -Initializing Spring FrameworkServlet 'dispatcherServlet'
2018-11-01 20:53:53.970 [https-jsse-nio-8080-exec-6] INFO  o.s.web.servlet.DispatcherServlet -FrameworkServlet 'dispatcherServlet': initialization started
2018-11-01 20:53:54.002 [https-jsse-nio-8080-exec-6] INFO  o.s.web.servlet.DispatcherServlet -FrameworkServlet 'dispatcherServlet': initialization completed in 31 ms
2018-11-01 20:55:13.073 [main] INFO  c.e.netschool.NetschoolApplication -Starting NetschoolApplication on luog-PC with PID 9492 (D:\schoolspace\netschool-parent\netschool\target\classes started by maojf in D:\schoolspace\netschool-parent\netschool)
2018-11-01 20:55:13.081 [main] INFO  c.e.netschool.NetschoolApplication -No active profile set, falling back to default profiles: default
2018-11-01 20:55:13.161 [main] INFO  o.s.b.w.s.c.AnnotationConfigServletWebServerApplicationContext -Refreshing org.springframework.boot.web.servlet.context.AnnotationConfigServletWebServerApplicationContext@b2bb0c: startup date [Thu Nov 01 20:55:13 CST 2018]; root of context hierarchy
2018-11-01 20:55:15.729 [main] INFO  o.s.b.w.e.tomcat.TomcatWebServer -Tomcat initialized with port(s): 8080 (https)
2018-11-01 20:55:15.826 [main] INFO  o.a.catalina.core.StandardService -Starting service [Tomcat]
2018-11-01 20:55:15.826 [main] INFO  o.a.catalina.core.StandardEngine -Starting Servlet Engine: Apache Tomcat/8.5.34
2018-11-01 20:55:15.839 [localhost-startStop-1] INFO  o.a.c.core.AprLifecycleListener -The APR based Apache Tomcat Native library which allows optimal performance in production environments was not found on the java.library.path: [D:\esendev\jdk1.8\bin;C:\Windows\Sun\Java\bin;C:\Windows\system32;C:\Windows;D:\esendev\jdk1.8\jre\bin;E:/dev/eclipse/jre/bin/server;E:/dev/eclipse/jre/bin;E:/dev/eclipse/jre/lib/amd64;D:\esendev\jdk1.6\bin;C:\oracle\product\11.2.0\dbhome_1\bin;C:\Program Files (x86)\Intel\iCLS Client\;C:\Program Files\Intel\iCLS Client\;C:\Windows\system32;C:\Windows;C:\Windows\System32\Wbem;C:\Windows\System32\WindowsPowerShell\v1.0\;C:\Program Files\Intel\Intel(R) Management Engine Components\DAL;C:\Program Files (x86)\Intel\Intel(R) Management Engine Components\DAL;C:\Program Files\Intel\Intel(R) Management Engine Components\IPT;C:\Program Files (x86)\Intel\Intel(R) Management Engine Components\IPT;C:\Program Files (x86)\ATI Technologies\ATI.ACE\Core-Static;C:\Program Files\Intel\WiFi\bin\;C:\Program Files\Common Files\Intel\WirelessCommon\;C:\EditPlus;C:\Users\maojf\Desktop\gzip-1.4;C:\Program Files\TortoiseSVN\bin;E:\nodeJs\;D:\Git\cmd;D:\esendev\mysql-5.6.10-winx64\bin;C:\Users\maojf\AppData\Local\Programs\Fiddler;E:\nodeJs\node_globalE:\Microsoft VS Code Insiders\bin;E:\Microsoft VS Code Insiders\bin;E:\dev\eclipse;;.]
2018-11-01 20:55:16.042 [localhost-startStop-1] INFO  o.a.c.c.C.[.[localhost].[/netschool] -Initializing Spring embedded WebApplicationContext
2018-11-01 20:55:16.043 [localhost-startStop-1] INFO  o.s.web.context.ContextLoader -Root WebApplicationContext: initialization completed in 2882 ms
2018-11-01 20:55:16.203 [localhost-startStop-1] INFO  o.s.b.w.s.ServletRegistrationBean -Servlet dispatcherServlet mapped to [/]
2018-11-01 20:55:16.223 [localhost-startStop-1] INFO  o.s.b.w.s.FilterRegistrationBean -Mapping filter: 'characterEncodingFilter' to: [/*]
2018-11-01 20:55:16.224 [localhost-startStop-1] INFO  o.s.b.w.s.FilterRegistrationBean -Mapping filter: 'hiddenHttpMethodFilter' to: [/*]
2018-11-01 20:55:16.225 [localhost-startStop-1] INFO  o.s.b.w.s.FilterRegistrationBean -Mapping filter: 'httpPutFormContentFilter' to: [/*]
2018-11-01 20:55:16.225 [localhost-startStop-1] INFO  o.s.b.w.s.FilterRegistrationBean -Mapping filter: 'requestContextFilter' to: [/*]
2018-11-01 20:55:16.491 [main] INFO  o.s.w.s.h.SimpleUrlHandlerMapping -Mapped URL path [/**/favicon.ico] onto handler of type [class org.springframework.web.servlet.resource.ResourceHttpRequestHandler]
2018-11-01 20:55:16.855 [main] INFO  o.s.w.s.m.m.a.RequestMappingHandlerAdapter -Looking for @ControllerAdvice: org.springframework.boot.web.servlet.context.AnnotationConfigServletWebServerApplicationContext@b2bb0c: startup date [Thu Nov 01 20:55:13 CST 2018]; root of context hierarchy
2018-11-01 20:55:16.981 [main] INFO  o.s.w.s.m.m.a.RequestMappingHandlerMapping -Mapped "{[/eweb/error/error]}" onto public org.springframework.http.ResponseEntity<java.util.Map<java.lang.String, java.lang.Object>> org.springframework.boot.autoconfigure.web.servlet.error.BasicErrorController.error(javax.servlet.http.HttpServletRequest)
2018-11-01 20:55:16.982 [main] INFO  o.s.w.s.m.m.a.RequestMappingHandlerMapping -Mapped "{[/eweb/error/error],produces=[text/html]}" onto public org.springframework.web.servlet.ModelAndView org.springframework.boot.autoconfigure.web.servlet.error.BasicErrorController.errorHtml(javax.servlet.http.HttpServletRequest,javax.servlet.http.HttpServletResponse)
2018-11-01 20:55:17.037 [main] INFO  o.s.w.s.h.SimpleUrlHandlerMapping -Mapped URL path [/webjars/**] onto handler of type [class org.springframework.web.servlet.resource.ResourceHttpRequestHandler]
2018-11-01 20:55:17.037 [main] INFO  o.s.w.s.h.SimpleUrlHandlerMapping -Mapped URL path [/**] onto handler of type [class org.springframework.web.servlet.resource.ResourceHttpRequestHandler]
2018-11-01 20:55:17.181 [main] INFO  o.s.b.a.w.s.WelcomePageHandlerMapping -Adding welcome page: ServletContext resource [/index.html]
2018-11-01 20:55:17.473 [main] INFO  o.s.j.d.e.EmbeddedDatabaseFactory -Starting embedded database: url='jdbc:h2:mem:testdb;DB_CLOSE_DELAY=-1;DB_CLOSE_ON_EXIT=false', username='sa'
2018-11-01 20:55:17.793 [main] INFO  o.s.u.f.SpringTemplateLoader -SpringTemplateLoader for FreeMarker: using resource loader [org.springframework.boot.web.servlet.context.AnnotationConfigServletWebServerApplicationContext@b2bb0c: startup date [Thu Nov 01 20:55:13 CST 2018]; root of context hierarchy] and template loader path [classpath:/templates/]
2018-11-01 20:55:17.795 [main] INFO  o.s.w.s.v.f.FreeMarkerConfigurer -ClassTemplateLoader for Spring macros added to FreeMarker configuration
2018-11-01 20:55:17.820 [main] WARN  o.s.b.a.f.FreeMarkerAutoConfiguration -Cannot find template location(s): [classpath:/templates/] (please add some templates, check your FreeMarker configuration, or set spring.freemarker.checkTemplateLocation=false)
2018-11-01 20:55:18.089 [main] INFO  o.s.j.e.a.AnnotationMBeanExporter -Registering beans for JMX exposure on startup
2018-11-01 20:55:18.504 [main] INFO  o.s.b.w.e.tomcat.TomcatWebServer -Tomcat started on port(s): 8080 (https) with context path '/netschool'
2018-11-01 20:55:18.511 [main] INFO  c.e.netschool.NetschoolApplication -Started NetschoolApplication in 6.025 seconds (JVM running for 6.986)
2018-11-01 20:55:34.973 [https-jsse-nio-8080-exec-7] INFO  o.a.c.c.C.[.[localhost].[/netschool] -Initializing Spring FrameworkServlet 'dispatcherServlet'
2018-11-01 20:55:34.974 [https-jsse-nio-8080-exec-7] INFO  o.s.web.servlet.DispatcherServlet -FrameworkServlet 'dispatcherServlet': initialization started
2018-11-01 20:55:35.009 [https-jsse-nio-8080-exec-7] INFO  o.s.web.servlet.DispatcherServlet -FrameworkServlet 'dispatcherServlet': initialization completed in 35 ms
2018-11-01 21:02:51.741 [main] INFO  c.e.netschool.NetschoolApplication -Starting NetschoolApplication on luog-PC with PID 12736 (D:\schoolspace\netschool-parent\netschool\target\classes started by maojf in D:\schoolspace\netschool-parent\netschool)
2018-11-01 21:02:51.749 [main] INFO  c.e.netschool.NetschoolApplication -No active profile set, falling back to default profiles: default
2018-11-01 21:02:51.825 [main] INFO  o.s.b.w.s.c.AnnotationConfigServletWebServerApplicationContext -Refreshing org.springframework.boot.web.servlet.context.AnnotationConfigServletWebServerApplicationContext@669da8: startup date [Thu Nov 01 21:02:51 CST 2018]; root of context hierarchy
2018-11-01 21:02:54.032 [main] INFO  o.s.b.w.e.tomcat.TomcatWebServer -Tomcat initialized with port(s): 8080 (https)
2018-11-01 21:02:54.074 [main] INFO  o.a.catalina.core.StandardService -Starting service [Tomcat]
2018-11-01 21:02:54.074 [main] INFO  o.a.catalina.core.StandardEngine -Starting Servlet Engine: Apache Tomcat/8.5.34
2018-11-01 21:02:54.089 [localhost-startStop-1] INFO  o.a.c.core.AprLifecycleListener -The APR based Apache Tomcat Native library which allows optimal performance in production environments was not found on the java.library.path: [D:\esendev\jdk1.8\bin;C:\Windows\Sun\Java\bin;C:\Windows\system32;C:\Windows;D:\esendev\jdk1.8\jre\bin;E:/dev/eclipse/jre/bin/server;E:/dev/eclipse/jre/bin;E:/dev/eclipse/jre/lib/amd64;D:\esendev\jdk1.6\bin;C:\oracle\product\11.2.0\dbhome_1\bin;C:\Program Files (x86)\Intel\iCLS Client\;C:\Program Files\Intel\iCLS Client\;C:\Windows\system32;C:\Windows;C:\Windows\System32\Wbem;C:\Windows\System32\WindowsPowerShell\v1.0\;C:\Program Files\Intel\Intel(R) Management Engine Components\DAL;C:\Program Files (x86)\Intel\Intel(R) Management Engine Components\DAL;C:\Program Files\Intel\Intel(R) Management Engine Components\IPT;C:\Program Files (x86)\Intel\Intel(R) Management Engine Components\IPT;C:\Program Files (x86)\ATI Technologies\ATI.ACE\Core-Static;C:\Program Files\Intel\WiFi\bin\;C:\Program Files\Common Files\Intel\WirelessCommon\;C:\EditPlus;C:\Users\maojf\Desktop\gzip-1.4;C:\Program Files\TortoiseSVN\bin;E:\nodeJs\;D:\Git\cmd;D:\esendev\mysql-5.6.10-winx64\bin;C:\Users\maojf\AppData\Local\Programs\Fiddler;E:\nodeJs\node_globalE:\Microsoft VS Code Insiders\bin;E:\Microsoft VS Code Insiders\bin;E:\dev\eclipse;;.]
2018-11-01 21:02:54.272 [localhost-startStop-1] INFO  o.a.c.c.C.[.[localhost].[/netschool] -Initializing Spring embedded WebApplicationContext
2018-11-01 21:02:54.273 [localhost-startStop-1] INFO  o.s.web.context.ContextLoader -Root WebApplicationContext: initialization completed in 2448 ms
2018-11-01 21:02:54.359 [localhost-startStop-1] INFO  o.s.b.w.s.ServletRegistrationBean -Servlet dispatcherServlet mapped to [/]
2018-11-01 21:02:54.364 [localhost-startStop-1] INFO  o.s.b.w.s.FilterRegistrationBean -Mapping filter: 'characterEncodingFilter' to: [/*]
2018-11-01 21:02:54.365 [localhost-startStop-1] INFO  o.s.b.w.s.FilterRegistrationBean -Mapping filter: 'hiddenHttpMethodFilter' to: [/*]
2018-11-01 21:02:54.365 [localhost-startStop-1] INFO  o.s.b.w.s.FilterRegistrationBean -Mapping filter: 'httpPutFormContentFilter' to: [/*]
2018-11-01 21:02:54.365 [localhost-startStop-1] INFO  o.s.b.w.s.FilterRegistrationBean -Mapping filter: 'requestContextFilter' to: [/*]
2018-11-01 21:02:54.593 [main] INFO  o.s.w.s.h.SimpleUrlHandlerMapping -Mapped URL path [/**/favicon.ico] onto handler of type [class org.springframework.web.servlet.resource.ResourceHttpRequestHandler]
2018-11-01 21:02:54.885 [main] INFO  o.s.w.s.m.m.a.RequestMappingHandlerAdapter -Looking for @ControllerAdvice: org.springframework.boot.web.servlet.context.AnnotationConfigServletWebServerApplicationContext@669da8: startup date [Thu Nov 01 21:02:51 CST 2018]; root of context hierarchy
2018-11-01 21:02:54.982 [main] INFO  o.s.w.s.m.m.a.RequestMappingHandlerMapping -Mapped "{[/eweb/error/error]}" onto public org.springframework.http.ResponseEntity<java.util.Map<java.lang.String, java.lang.Object>> org.springframework.boot.autoconfigure.web.servlet.error.BasicErrorController.error(javax.servlet.http.HttpServletRequest)
2018-11-01 21:02:54.983 [main] INFO  o.s.w.s.m.m.a.RequestMappingHandlerMapping -Mapped "{[/eweb/error/error],produces=[text/html]}" onto public org.springframework.web.servlet.ModelAndView org.springframework.boot.autoconfigure.web.servlet.error.BasicErrorController.errorHtml(javax.servlet.http.HttpServletRequest,javax.servlet.http.HttpServletResponse)
2018-11-01 21:02:55.021 [main] INFO  o.s.w.s.h.SimpleUrlHandlerMapping -Mapped URL path [/webjars/**] onto handler of type [class org.springframework.web.servlet.resource.ResourceHttpRequestHandler]
2018-11-01 21:02:55.021 [main] INFO  o.s.w.s.h.SimpleUrlHandlerMapping -Mapped URL path [/**] onto handler of type [class org.springframework.web.servlet.resource.ResourceHttpRequestHandler]
2018-11-01 21:02:55.131 [main] INFO  o.s.b.a.w.s.WelcomePageHandlerMapping -Adding welcome page: ServletContext resource [/index.html]
2018-11-01 21:02:55.410 [main] INFO  o.s.j.d.e.EmbeddedDatabaseFactory -Starting embedded database: url='jdbc:h2:mem:testdb;DB_CLOSE_DELAY=-1;DB_CLOSE_ON_EXIT=false', username='sa'
2018-11-01 21:02:55.762 [main] INFO  o.s.u.f.SpringTemplateLoader -SpringTemplateLoader for FreeMarker: using resource loader [org.springframework.boot.web.servlet.context.AnnotationConfigServletWebServerApplicationContext@669da8: startup date [Thu Nov 01 21:02:51 CST 2018]; root of context hierarchy] and template loader path [classpath:/templates/]
2018-11-01 21:02:55.763 [main] INFO  o.s.w.s.v.f.FreeMarkerConfigurer -ClassTemplateLoader for Spring macros added to FreeMarker configuration
2018-11-01 21:02:55.790 [main] WARN  o.s.b.a.f.FreeMarkerAutoConfiguration -Cannot find template location(s): [classpath:/templates/] (please add some templates, check your FreeMarker configuration, or set spring.freemarker.checkTemplateLocation=false)
2018-11-01 21:02:56.008 [main] INFO  o.s.j.e.a.AnnotationMBeanExporter -Registering beans for JMX exposure on startup
2018-11-01 21:02:56.367 [main] INFO  o.s.b.w.e.tomcat.TomcatWebServer -Tomcat started on port(s): 8080 (https) with context path '/netschool'
2018-11-01 21:02:56.371 [main] INFO  c.e.netschool.NetschoolApplication -Started NetschoolApplication in 5.157 seconds (JVM running for 6.026)
2018-11-01 21:03:09.880 [https-jsse-nio-8080-exec-7] INFO  o.a.c.c.C.[.[localhost].[/netschool] -Initializing Spring FrameworkServlet 'dispatcherServlet'
2018-11-01 21:03:09.881 [https-jsse-nio-8080-exec-7] INFO  o.s.web.servlet.DispatcherServlet -FrameworkServlet 'dispatcherServlet': initialization started
2018-11-01 21:03:09.905 [https-jsse-nio-8080-exec-7] INFO  o.s.web.servlet.DispatcherServlet -FrameworkServlet 'dispatcherServlet': initialization completed in 24 ms
